This is pdfTeX, Version 3.1415926-2.5-1.40.14 (MiKTeX 2.9) (preloaded format=pdflatex 2014.6.9)  7 JAN 2015 17:32
entering extended mode
**thesis1.tex
(C:\Users\elenavoyl\git\thesis\thesis1.tex
LaTeX2e <2011/06/27>
Babel <v3.8m> and hyphenation patterns for english, afrikaans, ancientgreek, ar
abic, armenian, assamese, basque, bengali, bokmal, bulgarian, catalan, coptic, 
croatian, czech, danish, dutch, esperanto, estonian, farsi, finnish, french, ga
lician, german, german-x-2013-05-26, greek, gujarati, hindi, hungarian, iceland
ic, indonesian, interlingua, irish, italian, kannada, kurmanji, latin, latvian,
 lithuanian, malayalam, marathi, mongolian, mongolianlmc, monogreek, ngerman, n
german-x-2013-05-26, nynorsk, oriya, panjabi, pinyin, polish, portuguese, roman
ian, russian, sanskrit, serbian, slovak, slovenian, spanish, swedish, swissgerm
an, tamil, telugu, turkish, turkmen, ukenglish, ukrainian, uppersorbian, usengl
ishmax, welsh, loaded.
(C:\Users\elenavoyl\git\thesis\vthesis.cls
Document Class: vthesis 1995/10/30 R.2.0, V.V. Dimakopoulos
\pure@baselineskip=\dimen102
(C:\Users\elenavoyl\git\thesis\vthesis12.clo
File: vthesis12.clo 1995/10/30
)
\c@part=\count79
\c@chapter=\count80
\c@section=\count81
\c@subsection=\count82
\c@subsubsection=\count83
\c@paragraph=\count84
\c@subparagraph=\count85
\bibindent=\dimen103
\c@figure=\count86
\c@table=\count87
\abovecaptionskip=\skip41
\belowcaptionskip=\skip42
\footline=\toks14
\chapterfootline=\toks15
\thesistitle=\toks16
\name=\toks17
\degree=\toks18
\thesistype=\toks19
\supervisor=\toks20
\department=\toks21
\degreesbox=\box26
\committeebox=\box27
\@hsk=\skip43
\c@alphacount=\count88
\c@numcount=\count89
)
("C:\Program Files (x86)\MiKTeX 2.9\tex\latex\graphics\graphics.sty"
Package: graphics 2009/02/05 v1.0o Standard LaTeX Graphics (DPC,SPQR)

("C:\Program Files (x86)\MiKTeX 2.9\tex\latex\graphics\trig.sty"
Package: trig 1999/03/16 v1.09 sin cos tan (DPC)
)
("C:\Program Files (x86)\MiKTeX 2.9\tex\latex\00miktex\graphics.cfg"
File: graphics.cfg 2007/01/18 v1.5 graphics configuration of teTeX/TeXLive
)
Package graphics Info: Driver file: pdftex.def on input line 91.

("C:\Program Files (x86)\MiKTeX 2.9\tex\latex\pdftex-def\pdftex.def"
File: pdftex.def 2011/05/27 v0.06d Graphics/color for pdfTeX

("C:\Program Files (x86)\MiKTeX 2.9\tex\generic\oberdiek\infwarerr.sty"
Package: infwarerr 2010/04/08 v1.3 Providing info/warning/error messages (HO)
)
("C:\Program Files (x86)\MiKTeX 2.9\tex\generic\oberdiek\ltxcmds.sty"
Package: ltxcmds 2011/11/09 v1.22 LaTeX kernel commands for general use (HO)
)
\Gread@gobject=\count90
))
("C:\Program Files (x86)\MiKTeX 2.9\tex\latex\graphics\graphicx.sty"
Package: graphicx 1999/02/16 v1.0f Enhanced LaTeX Graphics (DPC,SPQR)

("C:\Program Files (x86)\MiKTeX 2.9\tex\latex\graphics\keyval.sty"
Package: keyval 1999/03/16 v1.13 key=value parser (DPC)
\KV@toks@=\toks22
)
\Gin@req@height=\dimen104
\Gin@req@width=\dimen105
)
("C:\Program Files (x86)\MiKTeX 2.9\tex\latex\graphics\epsfig.sty"
Package: epsfig 1999/02/16 v1.7a (e)psfig emulation (SPQR)
\epsfxsize=\dimen106
\epsfysize=\dimen107
)
("C:\Program Files (x86)\MiKTeX 2.9\tex\latex\graphics\color.sty"
Package: color 2005/11/14 v1.0j Standard LaTeX Color (DPC)

("C:\Program Files (x86)\MiKTeX 2.9\tex\latex\00miktex\color.cfg"
File: color.cfg 2007/01/18 v1.5 color configuration of teTeX/TeXLive
)
Package color Info: Driver file: dvips.def on input line 130.

("C:\Program Files (x86)\MiKTeX 2.9\tex\latex\graphics\dvips.def"
File: dvips.def 1999/02/16 v3.0i Driver-dependant file (DPC,SPQR)
)
("C:\Program Files (x86)\MiKTeX 2.9\tex\latex\graphics\dvipsnam.def"
File: dvipsnam.def 1999/02/16 v3.0i Driver-dependant file (DPC,SPQR)
))
(C:\Users\elenavoyl\git\thesis\thesis1.aux
(C:\Users\elenavoyl\git\thesis\chapters/1/chapter_intro.aux)
(C:\Users\elenavoyl\git\thesis\chapters/2/chapter_related_work.aux

LaTeX Warning: Label `chapter:chapter_related_work' multiply defined.

) (C:\Users\elenavoyl\git\thesis\chapters/3/methodology.aux)
(C:\Users\elenavoyl\git\thesis\chapters/4/framework.aux)
(C:\Users\elenavoyl\git\thesis\chapters/5/application.aux)
(C:\Users\elenavoyl\git\thesis\chapters/6/implications.aux)
(C:\Users\elenavoyl\git\thesis\chapters/7/limitations.aux)
(C:\Users\elenavoyl\git\thesis\chapters/8/future_work.aux)
(C:\Users\elenavoyl\git\thesis\chapters/9/conclusion.aux))
LaTeX Font Info:    Checking defaults for OML/cmm/m/it on input line 40.
LaTeX Font Info:    ... okay on input line 40.
LaTeX Font Info:    Checking defaults for T1/cmr/m/n on input line 40.
LaTeX Font Info:    ... okay on input line 40.
LaTeX Font Info:    Checking defaults for OT1/cmr/m/n on input line 40.
LaTeX Font Info:    ... okay on input line 40.
LaTeX Font Info:    Checking defaults for OMS/cmsy/m/n on input line 40.
LaTeX Font Info:    ... okay on input line 40.
LaTeX Font Info:    Checking defaults for OMX/cmex/m/n on input line 40.
LaTeX Font Info:    ... okay on input line 40.
LaTeX Font Info:    Checking defaults for U/cmr/m/n on input line 40.
LaTeX Font Info:    ... okay on input line 40.

("C:\Program Files (x86)\MiKTeX 2.9\tex\context\base\supp-pdf.mkii"
[Loading MPS to PDF converter (version 2006.09.02).]
\scratchcounter=\count91
\scratchdimen=\dimen108
\scratchbox=\box28
\nofMPsegments=\count92
\nofMParguments=\count93
\everyMPshowfont=\toks23
\MPscratchCnt=\count94
\MPscratchDim=\dimen109
\MPnumerator=\count95
\makeMPintoPDFobject=\count96
\everyMPtoPDFconversion=\toks24
)
LaTeX Font Info:    Try loading font information for OMS+cmr on input line 85.
 ("C:\Program Files (x86)\MiKTeX 2.9\tex\latex\base\omscmr.fd"
File: omscmr.fd 1999/05/25 v2.5h Standard LaTeX font definitions
)
LaTeX Font Info:    Font shape `OMS/cmr/m/n' in size <12> not available
(Font)              Font shape `OMS/cmsy/m/n' tried instead on input line 85.
 [1
Non-PDF special ignored!
Non-PDF special ignored!


Non-PDF special ignored!
Non-PDF special ignored!{C:/ProgramData/MiKTeX/2.9/pdftex/config/pdftex.map}
Non-PDF special ignored!
Non-PDF special ignored!] [2
Non-PDF special ignored!
Non-PDF special ignored!
Non-PDF special ignored!
Non-PDF special ignored!
Non-PDF special ignored!
Non-PDF special ignored!] [3
Non-PDF special ignored!
Non-PDF special ignored!
Non-PDF special ignored!
Non-PDF special ignored!] (C:\Users\elenavoyl\git\thesis\thesis1.toc
LaTeX Font Info:    External font `cmex10' loaded for size
(Font)              <12> on input line 9.
LaTeX Font Info:    External font `cmex10' loaded for size
(Font)              <8> on input line 9.
LaTeX Font Info:    External font `cmex10' loaded for size
(Font)              <6> on input line 9.
 [4
Non-PDF special ignored!
Non-PDF special ignored!


Non-PDF special ignored!
Non-PDF special ignored!
Non-PDF special ignored!
Non-PDF special ignored!
Non-PDF special ignored!
Non-PDF special ignored!
Non-PDF special ignored!
Non-PDF special ignored!
Non-PDF special ignored!
Non-PDF special ignored!
Non-PDF special ignored!
Non-PDF special ignored!
Non-PDF special ignored!
Non-PDF special ignored!
Non-PDF special ignored!
Non-PDF special ignored!
Non-PDF special ignored!
Non-PDF special ignored!
Non-PDF special ignored!
Non-PDF special ignored!
Non-PDF special ignored!
Non-PDF special ignored!])
\tf@toc=\write3
 [5
Non-PDF special ignored!
Non-PDF special ignored!
Non-PDF special ignored!
Non-PDF special ignored!
Non-PDF special ignored!
Non-PDF special ignored!
Non-PDF special ignored!
Non-PDF special ignored!
Non-PDF special ignored!
Non-PDF special ignored!
Non-PDF special ignored!
Non-PDF special ignored!
Non-PDF special ignored!
Non-PDF special ignored!
Non-PDF special ignored!
Non-PDF special ignored!
Non-PDF special ignored!
Non-PDF special ignored!
Non-PDF special ignored!
Non-PDF special ignored!
Non-PDF special ignored!
Non-PDF special ignored!
Non-PDF special ignored!
Non-PDF special ignored!
Non-PDF special ignored!
Non-PDF special ignored!
Non-PDF special ignored!
Non-PDF special ignored!
Non-PDF special ignored!
Non-PDF special ignored!
Non-PDF special ignored!
Non-PDF special ignored!
Non-PDF special ignored!
Non-PDF special ignored!
Non-PDF special ignored!
Non-PDF special ignored!
Non-PDF special ignored!
Non-PDF special ignored!
Non-PDF special ignored!
Non-PDF special ignored!] (C:\Users\elenavoyl\git\thesis\thesis1.lof)
\tf@lof=\write4
 [6
Non-PDF special ignored!
Non-PDF special ignored!


Non-PDF special ignored!
Non-PDF special ignored!
Non-PDF special ignored!
Non-PDF special ignored!] (C:\Users\elenavoyl\git\thesis\thesis1.lot)
\tf@lot=\write5
 [7
Non-PDF special ignored!
Non-PDF special ignored!


Non-PDF special ignored!
Non-PDF special ignored!
Non-PDF special ignored!
Non-PDF special ignored!
Non-PDF special ignored!
Non-PDF special ignored!
Non-PDF special ignored!
Non-PDF special ignored!
Non-PDF special ignored!
Non-PDF special ignored!
Non-PDF special ignored!
Non-PDF special ignored!
Non-PDF special ignored!
Non-PDF special ignored!
Non-PDF special ignored!
Non-PDF special ignored!
Non-PDF special ignored!
Non-PDF special ignored!
Non-PDF special ignored!
Non-PDF special ignored!
Non-PDF special ignored!
Non-PDF special ignored!
Non-PDF special ignored!
Non-PDF special ignored!
Non-PDF special ignored!
Non-PDF special ignored!
Non-PDF special ignored!
Non-PDF special ignored!] [8
Non-PDF special ignored!
Non-PDF special ignored!
Non-PDF special ignored!
Non-PDF special ignored!] [9
Non-PDF special ignored!
Non-PDF special ignored!
Non-PDF special ignored!
Non-PDF special ignored!]
(C:\Users\elenavoyl\git\thesis\chapters/1/chapter_intro.tex
Chapter 1.

LaTeX Warning: Citation `proper' on page 1 undefined on input line 6.


LaTeX Warning: Citation `lindley' on page 1 undefined on input line 6.


LaTeX Warning: Citation `bates1986' on page 1 undefined on input line 6.


LaTeX Warning: Citation `beagrie' on page 1 undefined on input line 8.


LaTeX Warning: Citation `kellar2006' on page 1 undefined on input line 10.


LaTeX Warning: Citation `kellar2007' on page 1 undefined on input line 10.


LaTeX Warning: Citation `morrison' on page 1 undefined on input line 10.


LaTeX Warning: Citation `sellen' on page 1 undefined on input line 10.


LaTeX Warning: Citation `choo' on page 1 undefined on input line 10.


LaTeX Warning: Citation `ellis1989' on page 1 undefined on input line 10.


LaTeX Warning: Citation `ellis1993' on page 1 undefined on input line 10.


LaTeX Warning: Citation `ellis1997' on page 1 undefined on input line 10.


LaTeX Warning: Citation `bates1986' on page 1 undefined on input line 10.


LaTeX Warning: Citation `bates2002' on page 1 undefined on input line 10.


LaTeX Warning: Citation `beagrie' on page 1 undefined on input line 10.


LaTeX Warning: Citation `wittaker' on page 1 undefined on input line 10.

[1
Non-PDF special ignored!
Non-PDF special ignored!



Non-PDF special ignored!
Non-PDF special ignored!]) [2
Non-PDF special ignored!
Non-PDF special ignored!
Non-PDF special ignored!
Non-PDF special ignored!]
(C:\Users\elenavoyl\git\thesis\chapters/2/chapter_related_work.tex
Chapter 2.

LaTeX Warning: Citation `kellar2006' on page 3 undefined on input line 10.


LaTeX Warning: Citation `beagrie' on page 3 undefined on input line 10.


LaTeX Warning: Citation `wittaker' on page 3 undefined on input line 10.


LaTeX Warning: Citation `kellar2007' on page 3 undefined on input line 10.


LaTeX Warning: Citation `sellen' on page 3 undefined on input line 12.


LaTeX Warning: Citation `proper' on page 3 undefined on input line 14.


LaTeX Warning: Citation `morrison' on page 3 undefined on input line 14.

[3
Non-PDF special ignored!
Non-PDF special ignored!




Non-PDF special ignored!
Non-PDF special ignored!]

LaTeX Warning: Citation `marchionini' on page 4 undefined on input line 16.


LaTeX Warning: Citation `wilson1999' on page 4 undefined on input line 22.


LaTeX Warning: Citation `ellis1989' on page 4 undefined on input line 22.


LaTeX Warning: Citation `dervin' on page 4 undefined on input line 22.


LaTeX Warning: Citation `kuhlthau' on page 4 undefined on input line 22.


LaTeX Warning: Citation `wilson1997' on page 4 undefined on input line 22.


LaTeX Warning: Citation `wilson1981' on page 4 undefined on input line 22.


LaTeX Warning: Citation `wilson1981' on page 4 undefined on input line 22.


LaTeX Warning: Citation `wilson1997' on page 4 undefined on input line 22.


LaTeX Warning: Citation `ellis1989' on page 4 undefined on input line 24.


LaTeX Warning: Citation `ellis1997' on page 4 undefined on input line 24.


LaTeX Warning: Citation `ellis1993' on page 4 undefined on input line 24.


LaTeX Warning: Citation `choo' on page 4 undefined on input line 24.


LaTeX Warning: Citation `kuhlthau' on page 4 undefined on input line 24.

[4
Non-PDF special ignored!
Non-PDF special ignored!
Non-PDF special ignored!
Non-PDF special ignored!]

LaTeX Warning: Citation `saracevic' on page 5 undefined on input line 26.


LaTeX Warning: Citation `ingwersen' on page 5 undefined on input line 26.


LaTeX Warning: Citation `bates1986' on page 5 undefined on input line 28.


LaTeX Warning: Citation `bates2002' on page 5 undefined on input line 34.


LaTeX Warning: Citation `beagrie' on page 5 undefined on input line 34.


LaTeX Warning: Citation `wittaker' on page 5 undefined on input line 34.

[5
Non-PDF special ignored!
Non-PDF special ignored!
Non-PDF special ignored!
Non-PDF special ignored!]

LaTeX Warning: Citation `morris' on page 6 undefined on input line 37.


LaTeX Warning: Citation `golder' on page 6 undefined on input line 39.


LaTeX Warning: Citation `lindley' on page 6 undefined on input line 43.

[6
Non-PDF special ignored!
Non-PDF special ignored!
Non-PDF special ignored!
Non-PDF special ignored!]

LaTeX Warning: Citation `lindley' on page 7 undefined on input line 45.

) [7
Non-PDF special ignored!
Non-PDF special ignored!
Non-PDF special ignored!
Non-PDF special ignored!]
(C:\Users\elenavoyl\git\thesis\chapters/3/methodology.tex
Chapter 3.
LaTeX Font Info:    External font `cmex10' loaded for size
(Font)              <10.95> on input line 10.

Overfull \hbox (7.96413pt too wide) in paragraph at lines 13--13
[]\OT1/cmr/m/n/10.95 Application| 
 []


Overfull \hbox (17.69746pt too wide) in paragraph at lines 30--30
[]\OT1/cmr/m/n/10.95 StumbleUpon| 
 []


Overfull \hbox (15.3807pt too wide) in paragraph at lines 30--30
\OT1/cmr/m/n/10.95 www.stumbleupon.com|  
 []


Overfull \hbox (1.27246pt too wide) in paragraph at lines 34--34
[]\OT1/cmr/m/n/10.95 Wikipedia| 
 []


Underfull \hbox (badness 10000) in paragraph at lines 38--38
[]\OT1/cmr/m/n/10.95 Google
 []


Overfull \hbox (5.34319pt too wide) in paragraph at lines 38--38
\OT1/cmr/m/n/10.95 www.google.ca/maps|  
 []


Underfull \hbox (badness 10000) in paragraph at lines 44--44
[]\OT1/cmr/m/n/10.95 Rotten
 []


Overfull \hbox (26.36115pt too wide) in paragraph at lines 44--44
\OT1/cmr/m/n/10.95 www.rottentomatoes.com|  
 []


Overfull \hbox (3.76662pt too wide) in paragraph at lines 52--52
[]\OT1/cmr/m/n/10.95 BucketList| 
 []


Underfull \hbox (badness 10000) in paragraph at lines 64--64
[]\OT1/cmr/m/n/10.95 Google
 []


Overfull \hbox (3.27992pt too wide) in paragraph at lines 72--72
[]\OT1/cmr/m/n/10.95 LifeHacker| 
 []


Underfull \hbox (badness 3029) in paragraph at lines 88--88
[]\OT1/cmr/m/n/10.95 Trip Ad-
 []


Underfull \hbox (badness 10000) in paragraph at lines 92--92
[]\OT1/cmr/m/n/10.95 Urban
 []


Overfull \hbox (9.93613pt too wide) in paragraph at lines 92--92
\OT1/cmr/m/n/10.95 www.urbanspoon.com|  
 []


Overfull \hbox (1.72868pt too wide) in paragraph at lines 97--97
[]\OT1/cmr/m/n/10.95 Thesaurus| 
 []


Overfull \hbox (35.99998pt too wide) in paragraph at lines 10--102
[][] 
 []


LaTeX Warning: Float too large for page by 750.61024pt on input line 102.

LaTeX Font Info:    External font `cmex10' loaded for size
(Font)              <7> on input line 105.
LaTeX Font Info:    External font `cmex10' loaded for size
(Font)              <5> on input line 105.

Underfull \hbox (badness 10000) in paragraph at lines 107--109

 []


Underfull \hbox (badness 10000) in paragraph at lines 112--113

 []

[8
Non-PDF special ignored!
Non-PDF special ignored!




Non-PDF special ignored!
Non-PDF special ignored!
Non-PDF special ignored!
Non-PDF special ignored!] [9
Non-PDF special ignored!
Non-PDF special ignored!
Non-PDF special ignored!
Non-PDF special ignored!
Non-PDF special ignored!
Non-PDF special ignored!]
Missing character: There is no â in font cmr12!
Missing character: There is no € in font cmr12!
Missing character: There is no ™ in font cmr12!


LaTeX Warning: Citation `yin' on page 10 undefined on input line 115.


LaTeX Warning: Citation `yin' on page 10 undefined on input line 115.


LaTeX Warning: Citation `yin' on page 10 undefined on input line 119.

[10
Non-PDF special ignored!
Non-PDF special ignored!
Non-PDF special ignored!
Non-PDF special ignored!]) [11
Non-PDF special ignored!
Non-PDF special ignored!
Non-PDF special ignored!
Non-PDF special ignored!]
(C:\Users\elenavoyl\git\thesis\chapters/4/framework.tex
Chapter 4.
<images/overview.png, id=76, 424.58624pt x 542.77782pt>
File: images/overview.png Graphic file (type png)

<use images/overview.png>
Package pdftex.def Info: images/overview.png used on input line 12.
(pdftex.def)             Requested size: 433.62pt x 554.35487pt.

Underfull \hbox (badness 2253) in paragraph at lines 41--42
[]\OT1/cmr/m/n/12 Is any in-for-ma-tion dis-played di-rectly with-out
 []


Overfull \hbox (2.32428pt too wide) in paragraph at lines 25--45
[][] 
 []


Overfull \hbox (2.32428pt too wide) in paragraph at lines 49--67
[][] 
 []


Overfull \hbox (2.32428pt too wide) in paragraph at lines 73--87
[][] 
 []


Overfull \hbox (2.32428pt too wide) in paragraph at lines 91--106
[][] 
 []


Overfull \hbox (2.32428pt too wide) in paragraph at lines 110--123
[][] 
 []


Overfull \hbox (2.32428pt too wide) in paragraph at lines 128--137
[][] 
 []


Overfull \hbox (2.32428pt too wide) in paragraph at lines 141--150
[][] 
 []


Overfull \hbox (23.99998pt too wide) in paragraph at lines 157--180
[][] 
 []


Underfull \hbox (badness 3039) in paragraph at lines 197--198
[]\OT1/cmr/m/n/12 Does the ap-pli-ca-tion au-to-mat-i-cally an-no-tates re-
 []


Overfull \hbox (23.99998pt too wide) in paragraph at lines 184--205
[][] 
 []


Overfull \hbox (2.32428pt too wide) in paragraph at lines 211--220
[][] 
 []


Overfull \hbox (2.32428pt too wide) in paragraph at lines 227--242
[][] 
 []


Overfull \hbox (2.32428pt too wide) in paragraph at lines 246--261
[][] 
 []


Underfull \hbox (badness 1590) in paragraph at lines 279--279
[]\OT1/cmr/bx/it/10.95 Serendipitous dis-cov-
 []


Underfull \hbox (badness 1286) in paragraph at lines 283--283
[]\OT1/cmr/m/n/10.95 Category-guided nav-i-ga-
 []


Underfull \hbox (badness 1286) in paragraph at lines 290--290
[]\OT1/cmr/m/n/10.95 Category-guided nav-i-ga-
 []


Underfull \hbox (badness 10000) in paragraph at lines 298--298
[]\OT1/cmr/m/n/10.95 Bookmark-based re-dis-
 []


Underfull \hbox (badness 1661) in paragraph at lines 317--317
[]\OT1/cmr/m/n/10.95 Internal preser-va-tion of
 []


Underfull \hbox (badness 1661) in paragraph at lines 318--318
[]\OT1/cmr/m/n/10.95 Internal preser-va-tion of
 []


Overfull \hbox (23.99998pt too wide) in paragraph at lines 270--332
 [][] 
 []


LaTeX Warning: Float too large for page by 673.50569pt on input line 332.

[12
Non-PDF special ignored!
Non-PDF special ignored!




Non-PDF special ignored!
Non-PDF special ignored!]

LaTeX Warning: Text page 13 contains only floats.


Overfull \vbox (5.28549pt too high) has occurred while \output is active []


[13
Non-PDF special ignored!
Non-PDF special ignored!
Non-PDF special ignored!
Non-PDF special ignored!
Non-PDF special ignored!
Non-PDF special ignored!
Non-PDF special ignored!
Non-PDF special ignored! <C:/Users/elenavoyl/git/thesis/images/overview.png>]
Overfull \vbox (161.81305pt too high) has occurred while \output is active []


[14
Non-PDF special ignored!
Non-PDF special ignored!
Non-PDF special ignored!
Non-PDF special ignored!
Non-PDF special ignored!
Non-PDF special ignored!]

LaTeX Warning: Citation `kellar2006' on page 15 undefined on input line 346.


LaTeX Warning: Citation `kellar2007' on page 15 undefined on input line 346.

[15
Non-PDF special ignored!
Non-PDF special ignored!
Non-PDF special ignored!
Non-PDF special ignored!
Non-PDF special ignored!
Non-PDF special ignored!
Non-PDF special ignored!
Non-PDF special ignored!]

LaTeX Warning: Text page 16 contains only floats.

[16
Non-PDF special ignored!
Non-PDF special ignored!
Non-PDF special ignored!
Non-PDF special ignored!
Non-PDF special ignored!
Non-PDF special ignored!
Non-PDF special ignored!
Non-PDF special ignored!
Non-PDF special ignored!
Non-PDF special ignored!
Non-PDF special ignored!
Non-PDF special ignored!] [17
Non-PDF special ignored!
Non-PDF special ignored!
Non-PDF special ignored!
Non-PDF special ignored!
Non-PDF special ignored!
Non-PDF special ignored!]

LaTeX Warning: Citation `foster' on page 18 undefined on input line 348.


LaTeX Warning: Citation `levene' on page 18 undefined on input line 350.

[18
Non-PDF special ignored!
Non-PDF special ignored!
Non-PDF special ignored!
Non-PDF special ignored!
Non-PDF special ignored!
Non-PDF special ignored!
Non-PDF special ignored!
Non-PDF special ignored!]

LaTeX Warning: Citation `levene' on page 19 undefined on input line 352.

[19
Non-PDF special ignored!
Non-PDF special ignored!
Non-PDF special ignored!
Non-PDF special ignored!
Non-PDF special ignored!
Non-PDF special ignored!
Non-PDF special ignored!
Non-PDF special ignored!] [20
Non-PDF special ignored!
Non-PDF special ignored!
Non-PDF special ignored!
Non-PDF special ignored!
Non-PDF special ignored!
Non-PDF special ignored!]

LaTeX Warning: Citation `abrams' on page 21 undefined on input line 356.


LaTeX Warning: Citation `abrams' on page 21 undefined on input line 358.


LaTeX Warning: Citation `kellar2006' on page 21 undefined on input line 365.


LaTeX Warning: Citation `lindley' on page 21 undefined on input line 365.

[21
Non-PDF special ignored!
Non-PDF special ignored!
Non-PDF special ignored!
Non-PDF special ignored!]

LaTeX Warning: Citation `kellar2006' on page 22 undefined on input line 367.


LaTeX Warning: Citation `kellar2007' on page 22 undefined on input line 367.


LaTeX Warning: Citation `levene' on page 22 undefined on input line 369.


LaTeX Warning: Citation `herrera' on page 22 undefined on input line 371.


LaTeX Warning: Citation `abrams' on page 22 undefined on input line 375.

[22
Non-PDF special ignored!
Non-PDF special ignored!
Non-PDF special ignored!
Non-PDF special ignored!]

LaTeX Warning: Citation `abrams' on page 23 undefined on input line 377.


LaTeX Warning: Citation `tauscher' on page 23 undefined on input line 383.


LaTeX Warning: Citation `tauscher' on page 23 undefined on input line 385.


LaTeX Warning: Citation `abrams' on page 23 undefined on input line 387.


LaTeX Warning: Citation `cockburn' on page 23 undefined on input line 389.


LaTeX Warning: Citation `morrison' on page 23 undefined on input line 394.


LaTeX Warning: Citation `bates2002' on page 23 undefined on input line 394.


LaTeX Warning: Citation `bates1986' on page 23 undefined on input line 394.

[23
Non-PDF special ignored!
Non-PDF special ignored!
Non-PDF special ignored!
Non-PDF special ignored!]

LaTeX Warning: Citation `java' on page 24 undefined on input line 397.


LaTeX Warning: Citation `millen' on page 24 undefined on input line 399.


LaTeX Warning: Citation `millen' on page 24 undefined on input line 401.


Underfull \hbox (badness 10000) in paragraph at lines 407--408

 []


Underfull \hbox (badness 10000) in paragraph at lines 412--413

 []

[24
Non-PDF special ignored!
Non-PDF special ignored!
Non-PDF special ignored!
Non-PDF special ignored!]

LaTeX Warning: Citation `beagrie' on page 25 undefined on input line 415.


LaTeX Warning: Citation `wittaker' on page 25 undefined on input line 415.


LaTeX Warning: Citation `beagrie' on page 25 undefined on input line 419.


LaTeX Warning: Citation `wittaker' on page 25 undefined on input line 419.


LaTeX Warning: Citation `beagrie' on page 25 undefined on input line 421.


LaTeX Warning: Citation `wittaker' on page 25 undefined on input line 421.


LaTeX Warning: Citation `gruber' on page 25 undefined on input line 423.


LaTeX Warning: Citation `abrams' on page 25 undefined on input line 428.


LaTeX Warning: Citation `wittaker' on page 25 undefined on input line 428.


LaTeX Warning: Citation `lindley' on page 25 undefined on input line 428.

[25
Non-PDF special ignored!
Non-PDF special ignored!
Non-PDF special ignored!
Non-PDF special ignored!]

LaTeX Warning: Citation `abrams' on page 26 undefined on input line 434.


LaTeX Warning: Citation `beagrie' on page 26 undefined on input line 441.


LaTeX Warning: Citation `wittaker' on page 26 undefined on input line 441.


LaTeX Warning: Citation `beagrie' on page 26 undefined on input line 449.

[26
Non-PDF special ignored!
Non-PDF special ignored!
Non-PDF special ignored!
Non-PDF special ignored!]) [27
Non-PDF special ignored!
Non-PDF special ignored!
Non-PDF special ignored!
Non-PDF special ignored!]
(C:\Users\elenavoyl\git\thesis\chapters/5/application.tex
Chapter 5.
[28
Non-PDF special ignored!
Non-PDF special ignored!




Non-PDF special ignored!
Non-PDF special ignored!]) [29
Non-PDF special ignored!
Non-PDF special ignored!
Non-PDF special ignored!
Non-PDF special ignored!]
(C:\Users\elenavoyl\git\thesis\chapters/6/implications.tex
Chapter 6.
) [30
Non-PDF special ignored!
Non-PDF special ignored!




Non-PDF special ignored!
Non-PDF special ignored!]
(C:\Users\elenavoyl\git\thesis\chapters/7/limitations.tex
Chapter 7.
) [31
Non-PDF special ignored!
Non-PDF special ignored!




Non-PDF special ignored!
Non-PDF special ignored!]
(C:\Users\elenavoyl\git\thesis\chapters/8/future_work.tex
Chapter 8.
) [32
Non-PDF special ignored!
Non-PDF special ignored!




Non-PDF special ignored!
Non-PDF special ignored!]
(C:\Users\elenavoyl\git\thesis\chapters/9/conclusion.tex
Chapter 9.
) [33
Non-PDF special ignored!
Non-PDF special ignored!




Non-PDF special ignored!
Non-PDF special ignored!]
No file thesis1.bbl.
[34
Non-PDF special ignored!
Non-PDF special ignored!


Non-PDF special ignored!
Non-PDF special ignored!
Non-PDF special ignored!
Non-PDF special ignored!]
Overfull \hbox (1.50052pt too wide) in paragraph at lines 226--226
[]\OT1/cmr/m/sc/12 TOWARDS UN-DER-STAND-ING DIG-I-TAL IN-FOR-MA-TION
 []

[35
Non-PDF special ignored!
Non-PDF special ignored!
Non-PDF special ignored!
Non-PDF special ignored!
Non-PDF special ignored!
Non-PDF special ignored!
Non-PDF special ignored!
Non-PDF special ignored!] (C:\Users\elenavoyl\git\thesis\thesis1.aux
(C:\Users\elenavoyl\git\thesis\chapters/1/chapter_intro.aux)
(C:\Users\elenavoyl\git\thesis\chapters/2/chapter_related_work.aux)
(C:\Users\elenavoyl\git\thesis\chapters/3/methodology.aux)
(C:\Users\elenavoyl\git\thesis\chapters/4/framework.aux)
(C:\Users\elenavoyl\git\thesis\chapters/5/application.aux)
(C:\Users\elenavoyl\git\thesis\chapters/6/implications.aux)
(C:\Users\elenavoyl\git\thesis\chapters/7/limitations.aux)
(C:\Users\elenavoyl\git\thesis\chapters/8/future_work.aux)
(C:\Users\elenavoyl\git\thesis\chapters/9/conclusion.aux))

LaTeX Warning: There were undefined references.


LaTeX Warning: There were multiply-defined labels.

 )
(\end occurred inside a group at level 1)

### simple group (level 1) entered at line 4 ({)
### bottom level 
Here is how much of TeX's memory you used:
 1646 strings out of 493921
 25017 string characters out of 3144865
 127758 words of memory out of 3000000
 4867 multiletter control sequences out of 15000+200000
 12096 words of font info for 41 fonts, out of 3000000 for 9000
 841 hyphenation exceptions out of 8191
 24i,11n,23p,1578b,333s stack positions out of 5000i,500n,10000p,200000b,50000s
<C:/Program Files (x86)/MiKTeX 2.9/fonts/type1/public/amsfonts/
cm/cmbx10.pfb><C:/Program Files (x86)/MiKTeX 2.9/fonts/type1/public/amsfonts/cm
/cmbx12.pfb><C:/Program Files (x86)/MiKTeX 2.9/fonts/type1/public/amsfonts/cm/c
mbxti10.pfb><C:/Program Files (x86)/MiKTeX 2.9/fonts/type1/public/amsfonts/cm/c
mcsc10.pfb><C:/Program Files (x86)/MiKTeX 2.9/fonts/type1/public/amsfonts/cm/cm
r10.pfb><C:/Program Files (x86)/MiKTeX 2.9/fonts/type1/public/amsfonts/cm/cmr12
.pfb><C:/Program Files (x86)/MiKTeX 2.9/fonts/type1/public/amsfonts/cm/cmr7.pfb
><C:/Program Files (x86)/MiKTeX 2.9/fonts/type1/public/amsfonts/cm/cmr8.pfb><C:
/Program Files (x86)/MiKTeX 2.9/fonts/type1/public/amsfonts/cm/cmsy10.pfb><C:/P
rogram Files (x86)/MiKTeX 2.9/fonts/type1/public/amsfonts/cm/cmti10.pfb><C:/Pro
gram Files (x86)/MiKTeX 2.9/fonts/type1/public/amsfonts/cm/cmti12.pfb>
Output written on thesis1.pdf (44 pages, 288588 bytes).
PDF statistics:
 192 PDF objects out of 1000 (max. 8388607)
 0 named destinations out of 1000 (max. 500000)
 6 words of extra memory for PDF output out of 10000 (max. 10000000)

